<?xml version="1.0" encoding="UTF-8"?>
<!-- Generated by org.testng.reporters.JUnitXMLReporter -->
<testsuite ignored="0" hostname="Yamini_Mohan" failures="1" tests="1" name="Test(failed)" time="150.884" errors="0" timestamp="2025-09-08T00:17:40 IST">
  <testcase classname="com.automationexercise.testcases.TestContactUsForm" name="submitContactUsForm" time="3.031">
    <failure type="java.lang.AssertionError" message="Excel sheet not loaded properly. Please check the sheet name.">
      <![CDATA[java.lang.AssertionError: Excel sheet not loaded properly. Please check the sheet name.
at com.automationexercise.testcases.TestContactUsForm.submitContactUsForm(TestContactUsForm.java:34)
at java.base/java.util.ArrayList.forEach(ArrayList.java:1511)
... Removed 28 stack frames]]>
    </failure>
  </testcase> <!-- submitContactUsForm -->
</testsuite> <!-- Test(failed) -->
