<?xml version="1.0" encoding="UTF-8"?>
<testng-results ignored="0" total="1" passed="1" failed="0" skipped="0">
  <reporter-output>
  </reporter-output>
  <suite started-at="2025-09-08T15:44:18 IST" name="Suite" finished-at="2025-09-08T15:44:39 IST" duration-ms="20499">
    <groups>
    </groups>
    <test started-at="2025-09-08T15:44:18 IST" name="Test" finished-at="2025-09-08T15:44:39 IST" duration-ms="20499">
      <class name="com.automationexercise.testcases.TestSignupAndDeleteAccount">
        <test-method is-config="true" signature="setup()[pri:0, instance:com.automationexercise.testcases.TestSignupAndDeleteAccount@23348b5d]" started-at="2025-09-08T15:44:18 IST" name="setup" finished-at="2025-09-08T15:44:22 IST" duration-ms="3794" status="PASS">
          <reporter-output>
          </reporter-output>
        </test-method> <!-- setup -->
        <test-method signature="signupAndDeleteAccount()[pri:0, instance:com.automationexercise.testcases.TestSignupAndDeleteAccount@23348b5d]" started-at="2025-09-08T15:44:22 IST" name="signupAndDeleteAccount" finished-at="2025-09-08T15:44:38 IST" duration-ms="16455" status="PASS">
          <reporter-output>
          </reporter-output>
        </test-method> <!-- signupAndDeleteAccount -->
        <test-method is-config="true" signature="tearDown()[pri:0, instance:com.automationexercise.testcases.TestSignupAndDeleteAccount@23348b5d]" started-at="2025-09-08T15:44:38 IST" name="tearDown" finished-at="2025-09-08T15:44:39 IST" duration-ms="198" status="PASS">
          <reporter-output>
          </reporter-output>
        </test-method> <!-- tearDown -->
        <test-method is-config="true" signature="flushExtentReports()[pri:0, instance:com.automationexercise.testcases.TestSignupAndDeleteAccount@23348b5d]" started-at="2025-09-08T15:44:39 IST" name="flushExtentReports" finished-at="2025-09-08T15:44:39 IST" duration-ms="336" status="PASS">
          <reporter-output>
          </reporter-output>
        </test-method> <!-- flushExtentReports -->
      </class> <!-- com.automationexercise.testcases.TestSignupAndDeleteAccount -->
    </test> <!-- Test -->
  </suite> <!-- Suite -->
</testng-results>
